0 info it worked if it ends with ok
1 verbose cli [ '/usr/local/bin/node',
1 verbose cli   '/usr/local/bin/npm',
1 verbose cli   'run',
1 verbose cli   'compile:server' ]
2 info using npm@4.1.2
3 info using node@v7.4.0
4 verbose run-script [ 'precompile:server', 'compile:server', 'postcompile:server' ]
5 info lifecycle idiot-box@0.0.1~precompile:server: idiot-box@0.0.1
6 silly lifecycle idiot-box@0.0.1~precompile:server: no script for precompile:server, continuing
7 info lifecycle idiot-box@0.0.1~compile:server: idiot-box@0.0.1
8 verbose lifecycle idiot-box@0.0.1~compile:server: unsafe-perm in lifecycle true
9 verbose lifecycle idiot-box@0.0.1~compile:server: PATH: /usr/local/lib/node_modules/npm/bin/node-gyp-bin:/home/destin/projects/idiot-box/node_modules/.bin:/home/destin/bin:/usr/local/bin:/usr/bin:/bin:/usr/bin/X11:/usr/X11R6/bin:/usr/games:/home/destin/scripts/:/home/destin/.composer/vendor/bin:/home/destin/Android/Sdk/tools:/home/destin/Android/Sdk/platform-tools
10 verbose lifecycle idiot-box@0.0.1~compile:server: CWD: /home/destin/projects/idiot-box
11 silly lifecycle idiot-box@0.0.1~compile:server: Args: [ '-c', 'babel --watch src/server --output dist/server' ]
12 silly lifecycle idiot-box@0.0.1~compile:server: Returned: code: 2  signal: null
13 info lifecycle idiot-box@0.0.1~compile:server: Failed to exec compile:server script
14 verbose stack Error: idiot-box@0.0.1 compile:server: `babel --watch src/server --output dist/server`
14 verbose stack Exit status 2
14 verbose stack     at EventEmitter.<anonymous> (/usr/local/lib/node_modules/npm/lib/utils/lifecycle.js:279:16)
14 verbose stack     at emitTwo (events.js:106:13)
14 verbose stack     at EventEmitter.emit (events.js:191:7)
14 verbose stack     at ChildProcess.<anonymous> (/usr/local/lib/node_modules/npm/lib/utils/spawn.js:40:14)
14 verbose stack     at emitTwo (events.js:106:13)
14 verbose stack     at ChildProcess.emit (events.js:191:7)
14 verbose stack     at maybeClose (internal/child_process.js:885:16)
14 verbose stack     at Process.ChildProcess._handle.onexit (internal/child_process.js:226:5)
15 verbose pkgid idiot-box@0.0.1
16 verbose cwd /home/destin/projects/idiot-box
17 error Linux 4.4.0-72-generic
18 error argv "/usr/local/bin/node" "/usr/local/bin/npm" "run" "compile:server"
19 error node v7.4.0
20 error npm  v4.1.2
21 error code ELIFECYCLE
22 error idiot-box@0.0.1 compile:server: `babel --watch src/server --output dist/server`
22 error Exit status 2
23 error Failed at the idiot-box@0.0.1 compile:server script 'babel --watch src/server --output dist/server'.
23 error Make sure you have the latest version of node.js and npm installed.
23 error If you do, this is most likely a problem with the idiot-box package,
23 error not with npm itself.
23 error Tell the author that this fails on your system:
23 error     babel --watch src/server --output dist/server
23 error You can get information on how to open an issue for this project with:
23 error     npm bugs idiot-box
23 error Or if that isn't available, you can get their info via:
23 error     npm owner ls idiot-box
23 error There is likely additional logging output above.
24 verbose exit [ 1, true ]
